cl : command line warning D9035: option 'Gm' has been deprecated and will be removed in a future release
  R3Stretcher.cpp
  Thread.cpp
  mathmisc.cpp
K:\dev\NEW DEV PROTOTYPE (CORRECT ONE)\Dev Project Prototype (NEW)\Source\Effects\rubberband-3.3.0\src\common\mathmisc.cpp(39,25): warning C4244: '=': conversion from 'double' to 'int', possible loss of data
K:\dev\NEW DEV PROTOTYPE (CORRECT ONE)\Dev Project Prototype (NEW)\Source\Effects\rubberband-3.3.0\src\common\mathmisc.cpp(40,27): warning C4244: '=': conversion from 'double' to 'int', possible loss of data
K:\dev\NEW DEV PROTOTYPE (CORRECT ONE)\Dev Project Prototype (NEW)\Source\Effects\rubberband-3.3.0\src\common\mathmisc.cpp(43,23): warning C4244: '=': conversion from 'double' to 'int', possible loss of data
K:\dev\NEW DEV PROTOTYPE (CORRECT ONE)\Dev Project Prototype (NEW)\Source\Effects\rubberband-3.3.0\src\common\mathmisc.cpp(44,25): warning C4244: '=': conversion from 'double' to 'int', possible loss of data
K:\dev\NEW DEV PROTOTYPE (CORRECT ONE)\Dev Project Prototype (NEW)\Source\Effects\rubberband-3.3.0\src\common\mathmisc.cpp(47,23): warning C4244: '=': conversion from 'double' to 'int', possible loss of data
K:\dev\NEW DEV PROTOTYPE (CORRECT ONE)\Dev Project Prototype (NEW)\Source\Effects\rubberband-3.3.0\src\common\mathmisc.cpp(48,25): warning C4244: '=': conversion from 'double' to 'int', possible loss of data
K:\dev\NEW DEV PROTOTYPE (CORRECT ONE)\Dev Project Prototype (NEW)\Source\Effects\rubberband-3.3.0\src\common\mathmisc.cpp(61,15): warning C4244: '=': conversion from 'double' to 'int', possible loss of data
K:\dev\NEW DEV PROTOTYPE (CORRECT ONE)\Dev Project Prototype (NEW)\Source\Effects\rubberband-3.3.0\src\common\mathmisc.cpp(62,17): warning C4244: '=': conversion from 'double' to 'int', possible loss of data
K:\dev\NEW DEV PROTOTYPE (CORRECT ONE)\Dev Project Prototype (NEW)\Source\Effects\rubberband-3.3.0\src\common\mathmisc.cpp(64,15): warning C4244: '=': conversion from 'double' to 'int', possible loss of data
K:\dev\NEW DEV PROTOTYPE (CORRECT ONE)\Dev Project Prototype (NEW)\Source\Effects\rubberband-3.3.0\src\common\mathmisc.cpp(65,17): warning C4244: '=': conversion from 'double' to 'int', possible loss of data
  sysutils.cpp
  StretchCalculator.cpp
K:\dev\NEW DEV PROTOTYPE (CORRECT ONE)\Dev Project Prototype (NEW)\Source\Effects\rubberband-3.3.0\src\common\StretchCalculator.cpp(426,88): warning C4244: 'argument': conversion from 'int64_t' to 'double', possible loss of data
K:\dev\NEW DEV PROTOTYPE (CORRECT ONE)\Dev Project Prototype (NEW)\Source\Effects\rubberband-3.3.0\src\common\StretchCalculator.cpp(426,78): warning C4244: 'argument': conversion from 'int64_t' to 'double', possible loss of data
K:\dev\NEW DEV PROTOTYPE (CORRECT ONE)\Dev Project Prototype (NEW)\Source\Effects\rubberband-3.3.0\src\common\StretchCalculator.cpp(427,32): warning C4244: 'argument': conversion from 'int64_t' to 'double', possible loss of data
K:\dev\NEW DEV PROTOTYPE (CORRECT ONE)\Dev Project Prototype (NEW)\Source\Effects\rubberband-3.3.0\src\common\StretchCalculator.cpp(440,140): warning C4244: 'argument': conversion from 'int64_t' to 'double', possible loss of data
K:\dev\NEW DEV PROTOTYPE (CORRECT ONE)\Dev Project Prototype (NEW)\Source\Effects\rubberband-3.3.0\src\common\StretchCalculator.cpp(481,53): warning C4244: 'argument': conversion from 'int64_t' to 'double', possible loss of data
  Allocators.cpp
  Log.cpp
  FFT.cpp
  Resampler.cpp
  Profiler.cpp
  BQResampler.cpp
  StretcherProcess.cpp
  R2Stretcher.cpp
  StretcherChannelData.cpp
  PercussiveAudioCurve.cpp
  SilentAudioCurve.cpp
  HighFrequencyAudioCurve.cpp
  CompoundAudioCurve.cpp
  AudioCurveCalculator.cpp
  RubberBandStretcher.cpp
  Generating Code...
  Compiling...
  rubberband-c.cpp
  Generating Code...
  rubberband-library.vcxproj -> K:\dev\NEW DEV PROTOTYPE (CORRECT ONE)\Dev Project Prototype (NEW)\Source\Effects\rubberband-3.3.0\otherbuilds\Debug\rubberband-library.lib
